0 info it worked if it ends with ok
1 verbose cli [ 'C:\\Users\\adam.chamberlain\\Documents\\nodejs\\nodejs\\node.exe',
1 verbose cli   'C:\\Users\\adam.chamberlain\\Documents\\nodejs\\nodejs\\node_modules\\npm\\bin\\npm-cli.js',
1 verbose cli   'install',
1 verbose cli   'hooloovoo' ]
2 info using npm@3.10.3
3 info using node@v6.4.0
4 silly loadCurrentTree Starting
5 silly install loadCurrentTree
6 silly install readLocalPackageData
7 silly fetchPackageMetaData hooloovoo
8 silly fetchNamedPackageData hooloovoo
9 silly mapToRegistry name hooloovoo
10 silly mapToRegistry using default registry
11 silly mapToRegistry registry https://registry.npmjs.org/
12 silly mapToRegistry data Result {
12 silly mapToRegistry   raw: 'hooloovoo',
12 silly mapToRegistry   scope: null,
12 silly mapToRegistry   escapedName: 'hooloovoo',
12 silly mapToRegistry   name: 'hooloovoo',
12 silly mapToRegistry   rawSpec: '',
12 silly mapToRegistry   spec: 'latest',
12 silly mapToRegistry   type: 'tag' }
13 silly mapToRegistry uri https://registry.npmjs.org/hooloovoo
14 verbose request uri https://registry.npmjs.org/hooloovoo
15 verbose request no auth needed
16 info attempt registry request try #1 at 2:33:09 PM
17 verbose request id 0124ff9f555f713f
18 verbose etag "5FZ0NKUA4QJ7M05CRP8QFUCLA"
19 http request GET https://registry.npmjs.org/hooloovoo
20 http 304 https://registry.npmjs.org/hooloovoo
21 verbose headers { date: 'Tue, 13 Sep 2016 13:33:09 GMT',
21 verbose headers   via: '1.1 varnish',
21 verbose headers   'cache-control': 'max-age=300',
21 verbose headers   etag: '"5FZ0NKUA4QJ7M05CRP8QFUCLA"',
21 verbose headers   age: '0',
21 verbose headers   connection: 'keep-alive',
21 verbose headers   'x-served-by': 'cache-lhr6335-LHR',
21 verbose headers   'x-cache': 'HIT',
21 verbose headers   'x-cache-hits': '1',
21 verbose headers   'x-timer': 'S1473773589.636149,VS0,VE89',
21 verbose headers   vary: 'Accept-Encoding' }
22 silly get cb [ 304,
22 silly get   { date: 'Tue, 13 Sep 2016 13:33:09 GMT',
22 silly get     via: '1.1 varnish',
22 silly get     'cache-control': 'max-age=300',
22 silly get     etag: '"5FZ0NKUA4QJ7M05CRP8QFUCLA"',
22 silly get     age: '0',
22 silly get     connection: 'keep-alive',
22 silly get     'x-served-by': 'cache-lhr6335-LHR',
22 silly get     'x-cache': 'HIT',
22 silly get     'x-cache-hits': '1',
22 silly get     'x-timer': 'S1473773589.636149,VS0,VE89',
22 silly get     vary: 'Accept-Encoding' } ]
23 verbose etag https://registry.npmjs.org/hooloovoo from cache
24 verbose get saving hooloovoo to C:\Users\adam.chamberlain\AppData\Roaming\npm-cache\registry.npmjs.org\hooloovoo\.cache.json
25 verbose correctMkdir C:\Users\adam.chamberlain\AppData\Roaming\npm-cache correctMkdir not in flight; initializing
26 silly install normalizeTree
27 silly loadCurrentTree Finishing
28 silly loadIdealTree Starting
29 silly install loadIdealTree
30 silly cloneCurrentTree Starting
31 silly install cloneCurrentTreeToIdealTree
32 silly cloneCurrentTree Finishing
33 silly loadShrinkwrap Starting
34 silly install loadShrinkwrap
35 silly loadShrinkwrap Finishing
36 silly loadAllDepsIntoIdealTree Starting
37 silly install loadAllDepsIntoIdealTree
38 silly resolveWithNewModule hooloovoo@1.0.7 checking installable status
39 silly cache add args [ 'hooloovoo', null ]
40 verbose cache add spec hooloovoo
41 silly cache add parsed spec Result {
41 silly cache add   raw: 'hooloovoo',
41 silly cache add   scope: null,
41 silly cache add   escapedName: 'hooloovoo',
41 silly cache add   name: 'hooloovoo',
41 silly cache add   rawSpec: '',
41 silly cache add   spec: 'latest',
41 silly cache add   type: 'tag' }
42 silly addNamed hooloovoo@latest
43 verbose addNamed "latest" is being treated as a dist-tag for hooloovoo
44 info addNameTag [ 'hooloovoo', 'latest' ]
45 silly mapToRegistry name hooloovoo
46 silly mapToRegistry using default registry
47 silly mapToRegistry registry https://registry.npmjs.org/
48 silly mapToRegistry data Result {
48 silly mapToRegistry   raw: 'hooloovoo',
48 silly mapToRegistry   scope: null,
48 silly mapToRegistry   escapedName: 'hooloovoo',
48 silly mapToRegistry   name: 'hooloovoo',
48 silly mapToRegistry   rawSpec: '',
48 silly mapToRegistry   spec: 'latest',
48 silly mapToRegistry   type: 'tag' }
49 silly mapToRegistry uri https://registry.npmjs.org/hooloovoo
50 verbose addNameTag registry:https://registry.npmjs.org/hooloovoo not in flight; fetching
51 verbose get https://registry.npmjs.org/hooloovoo not expired, no request
52 silly addNameTag next cb for hooloovoo with tag latest
53 silly addNamed hooloovoo@1.0.7
54 verbose addNamed "1.0.7" is a plain semver version for hooloovoo
55 silly cache afterAdd hooloovoo@1.0.7
56 verbose afterAdd C:\Users\adam.chamberlain\AppData\Roaming\npm-cache\hooloovoo\1.0.7\package\package.json not in flight; writing
57 verbose correctMkdir C:\Users\adam.chamberlain\AppData\Roaming\npm-cache correctMkdir not in flight; initializing
58 verbose afterAdd C:\Users\adam.chamberlain\AppData\Roaming\npm-cache\hooloovoo\1.0.7\package\package.json written
59 silly fetchNamedPackageData rpio
60 silly mapToRegistry name rpio
61 silly mapToRegistry using default registry
62 silly mapToRegistry registry https://registry.npmjs.org/
63 silly mapToRegistry data Result {
63 silly mapToRegistry   raw: 'rpio',
63 silly mapToRegistry   scope: null,
63 silly mapToRegistry   escapedName: 'rpio',
63 silly mapToRegistry   name: 'rpio',
63 silly mapToRegistry   rawSpec: '',
63 silly mapToRegistry   spec: 'latest',
63 silly mapToRegistry   type: 'tag' }
64 silly mapToRegistry uri https://registry.npmjs.org/rpio
65 silly fetchNamedPackageData hex2rgb
66 silly mapToRegistry name hex2rgb
67 silly mapToRegistry using default registry
68 silly mapToRegistry registry https://registry.npmjs.org/
69 silly mapToRegistry data Result {
69 silly mapToRegistry   raw: 'hex2rgb',
69 silly mapToRegistry   scope: null,
69 silly mapToRegistry   escapedName: 'hex2rgb',
69 silly mapToRegistry   name: 'hex2rgb',
69 silly mapToRegistry   rawSpec: '',
69 silly mapToRegistry   spec: 'latest',
69 silly mapToRegistry   type: 'tag' }
70 silly mapToRegistry uri https://registry.npmjs.org/hex2rgb
71 verbose request uri https://registry.npmjs.org/hex2rgb
72 verbose request no auth needed
73 info attempt registry request try #1 at 2:33:09 PM
74 verbose etag "6VHMC4USPKYSE4WXMA59QAFEO"
75 http request GET https://registry.npmjs.org/hex2rgb
76 verbose request uri https://registry.npmjs.org/rpio
77 verbose request no auth needed
78 info attempt registry request try #1 at 2:33:09 PM
79 verbose etag "BR4K3QYZ0N3JRBKBOXSO3XDDP"
80 http request GET https://registry.npmjs.org/rpio
81 http 304 https://registry.npmjs.org/rpio
82 verbose headers { date: 'Tue, 13 Sep 2016 13:33:09 GMT',
82 verbose headers   via: '1.1 varnish',
82 verbose headers   'cache-control': 'max-age=300',
82 verbose headers   etag: '"BR4K3QYZ0N3JRBKBOXSO3XDDP"',
82 verbose headers   age: '0',
82 verbose headers   connection: 'keep-alive',
82 verbose headers   'x-served-by': 'cache-lhr6334-LHR',
82 verbose headers   'x-cache': 'HIT',
82 verbose headers   'x-cache-hits': '1',
82 verbose headers   'x-timer': 'S1473773589.905917,VS0,VE97',
82 verbose headers   vary: 'Accept-Encoding' }
83 silly get cb [ 304,
83 silly get   { date: 'Tue, 13 Sep 2016 13:33:09 GMT',
83 silly get     via: '1.1 varnish',
83 silly get     'cache-control': 'max-age=300',
83 silly get     etag: '"BR4K3QYZ0N3JRBKBOXSO3XDDP"',
83 silly get     age: '0',
83 silly get     connection: 'keep-alive',
83 silly get     'x-served-by': 'cache-lhr6334-LHR',
83 silly get     'x-cache': 'HIT',
83 silly get     'x-cache-hits': '1',
83 silly get     'x-timer': 'S1473773589.905917,VS0,VE97',
83 silly get     vary: 'Accept-Encoding' } ]
84 verbose etag https://registry.npmjs.org/rpio from cache
85 verbose get saving rpio to C:\Users\adam.chamberlain\AppData\Roaming\npm-cache\registry.npmjs.org\rpio\.cache.json
86 verbose correctMkdir C:\Users\adam.chamberlain\AppData\Roaming\npm-cache correctMkdir not in flight; initializing
87 silly resolveWithNewModule rpio@0.9.12 checking installable status
88 silly cache add args [ 'rpio@^0.9.7', null ]
89 verbose cache add spec rpio@^0.9.7
90 silly cache add parsed spec Result {
90 silly cache add   raw: 'rpio@^0.9.7',
90 silly cache add   scope: null,
90 silly cache add   escapedName: 'rpio',
90 silly cache add   name: 'rpio',
90 silly cache add   rawSpec: '^0.9.7',
90 silly cache add   spec: '>=0.9.7 <0.10.0',
90 silly cache add   type: 'range' }
91 silly addNamed rpio@>=0.9.7 <0.10.0
92 verbose addNamed ">=0.9.7 <0.10.0" is a valid semver range for rpio
93 silly addNameRange { name: 'rpio', range: '>=0.9.7 <0.10.0', hasData: false }
94 silly mapToRegistry name rpio
95 silly mapToRegistry using default registry
96 silly mapToRegistry registry https://registry.npmjs.org/
97 silly mapToRegistry data Result {
97 silly mapToRegistry   raw: 'rpio',
97 silly mapToRegistry   scope: null,
97 silly mapToRegistry   escapedName: 'rpio',
97 silly mapToRegistry   name: 'rpio',
97 silly mapToRegistry   rawSpec: '',
97 silly mapToRegistry   spec: 'latest',
97 silly mapToRegistry   type: 'tag' }
98 silly mapToRegistry uri https://registry.npmjs.org/rpio
99 verbose addNameRange registry:https://registry.npmjs.org/rpio not in flight; fetching
100 verbose get https://registry.npmjs.org/rpio not expired, no request
101 silly addNameRange number 2 { name: 'rpio', range: '>=0.9.7 <0.10.0', hasData: true }
102 silly addNameRange versions [ 'rpio',
102 silly addNameRange   [ '0.0.1',
102 silly addNameRange     '0.0.2',
102 silly addNameRange     '0.0.3',
102 silly addNameRange     '0.0.4',
102 silly addNameRange     '0.0.5',
102 silly addNameRange     '0.0.6',
102 silly addNameRange     '0.0.7',
102 silly addNameRange     '0.0.8',
102 silly addNameRange     '0.0.9',
102 silly addNameRange     '0.0.10',
102 silly addNameRange     '0.1.0',
102 silly addNameRange     '0.1.1',
102 silly addNameRange     '0.1.2',
102 silly addNameRange     '0.2.0',
102 silly addNameRange     '0.2.1',
102 silly addNameRange     '0.2.2',
102 silly addNameRange     '0.2.3',
102 silly addNameRange     '0.3.0',
102 silly addNameRange     '0.3.1',
102 silly addNameRange     '0.4.0',
102 silly addNameRange     '0.4.1',
102 silly addNameRange     '0.4.2',
102 silly addNameRange     '0.4.3',
102 silly addNameRange     '0.4.4',
102 silly addNameRange     '0.4.5',
102 silly addNameRange     '0.5.0',
102 silly addNameRange     '0.5.1',
102 silly addNameRange     '0.6.0',
102 silly addNameRange     '0.6.1',
102 silly addNameRange     '0.6.2',
102 silly addNameRange     '0.6.3',
102 silly addNameRange     '0.6.4',
102 silly addNameRange     '0.6.5',
102 silly addNameRange     '0.6.6',
102 silly addNameRange     '0.7.0',
102 silly addNameRange     '0.8.0',
102 silly addNameRange     '0.8.1',
102 silly addNameRange     '0.8.2',
102 silly addNameRange     '0.8.3',
102 silly addNameRange     '0.8.4',
102 silly addNameRange     '0.8.5',
102 silly addNameRange     '0.8.6',
102 silly addNameRange     '0.8.7',
102 silly addNameRange     '0.8.8',
102 silly addNameRange     '0.8.9',
102 silly addNameRange     '0.8.10',
102 silly addNameRange     '0.8.11',
102 silly addNameRange     '0.9.0',
102 silly addNameRange     '0.9.1',
102 silly addNameRange     '0.9.2',
102 silly addNameRange     '0.9.3',
102 silly addNameRange     '0.9.4',
102 silly addNameRange     '0.9.5',
102 silly addNameRange     '0.9.6',
102 silly addNameRange     '0.9.7',
102 silly addNameRange     '0.9.8',
102 silly addNameRange     '0.9.9',
102 silly addNameRange     '0.9.10',
102 silly addNameRange     '0.9.11',
102 silly addNameRange     '0.9.12' ] ]
103 silly addNamed rpio@0.9.12
104 verbose addNamed "0.9.12" is a plain semver version for rpio
105 silly cache afterAdd rpio@0.9.12
106 verbose afterAdd C:\Users\adam.chamberlain\AppData\Roaming\npm-cache\rpio\0.9.12\package\package.json not in flight; writing
107 verbose correctMkdir C:\Users\adam.chamberlain\AppData\Roaming\npm-cache correctMkdir not in flight; initializing
108 verbose afterAdd C:\Users\adam.chamberlain\AppData\Roaming\npm-cache\rpio\0.9.12\package\package.json written
109 http 304 https://registry.npmjs.org/hex2rgb
110 verbose headers { date: 'Tue, 13 Sep 2016 13:33:09 GMT',
110 verbose headers   via: '1.1 varnish',
110 verbose headers   'cache-control': 'max-age=300',
110 verbose headers   etag: '"6VHMC4USPKYSE4WXMA59QAFEO"',
110 verbose headers   age: '0',
110 verbose headers   connection: 'keep-alive',
110 verbose headers   'x-served-by': 'cache-lhr6335-LHR',
110 verbose headers   'x-cache': 'MISS',
110 verbose headers   'x-cache-hits': '0',
110 verbose headers   'x-timer': 'S1473773589.849318,VS0,VE173',
110 verbose headers   vary: 'Accept-Encoding' }
111 silly get cb [ 304,
111 silly get   { date: 'Tue, 13 Sep 2016 13:33:09 GMT',
111 silly get     via: '1.1 varnish',
111 silly get     'cache-control': 'max-age=300',
111 silly get     etag: '"6VHMC4USPKYSE4WXMA59QAFEO"',
111 silly get     age: '0',
111 silly get     connection: 'keep-alive',
111 silly get     'x-served-by': 'cache-lhr6335-LHR',
111 silly get     'x-cache': 'MISS',
111 silly get     'x-cache-hits': '0',
111 silly get     'x-timer': 'S1473773589.849318,VS0,VE173',
111 silly get     vary: 'Accept-Encoding' } ]
112 verbose etag https://registry.npmjs.org/hex2rgb from cache
113 verbose get saving hex2rgb to C:\Users\adam.chamberlain\AppData\Roaming\npm-cache\registry.npmjs.org\hex2rgb\.cache.json
114 verbose correctMkdir C:\Users\adam.chamberlain\AppData\Roaming\npm-cache correctMkdir not in flight; initializing
115 silly resolveWithNewModule hex2rgb@2.2.0 checking installable status
116 silly cache add args [ 'hex2rgb@^2.2.0', null ]
117 verbose cache add spec hex2rgb@^2.2.0
118 silly cache add parsed spec Result {
118 silly cache add   raw: 'hex2rgb@^2.2.0',
118 silly cache add   scope: null,
118 silly cache add   escapedName: 'hex2rgb',
118 silly cache add   name: 'hex2rgb',
118 silly cache add   rawSpec: '^2.2.0',
118 silly cache add   spec: '>=2.2.0 <3.0.0',
118 silly cache add   type: 'range' }
119 silly addNamed hex2rgb@>=2.2.0 <3.0.0
120 verbose addNamed ">=2.2.0 <3.0.0" is a valid semver range for hex2rgb
121 silly addNameRange { name: 'hex2rgb', range: '>=2.2.0 <3.0.0', hasData: false }
122 silly mapToRegistry name hex2rgb
123 silly mapToRegistry using default registry
124 silly mapToRegistry registry https://registry.npmjs.org/
125 silly mapToRegistry data Result {
125 silly mapToRegistry   raw: 'hex2rgb',
125 silly mapToRegistry   scope: null,
125 silly mapToRegistry   escapedName: 'hex2rgb',
125 silly mapToRegistry   name: 'hex2rgb',
125 silly mapToRegistry   rawSpec: '',
125 silly mapToRegistry   spec: 'latest',
125 silly mapToRegistry   type: 'tag' }
126 silly mapToRegistry uri https://registry.npmjs.org/hex2rgb
127 verbose addNameRange registry:https://registry.npmjs.org/hex2rgb not in flight; fetching
128 verbose get https://registry.npmjs.org/hex2rgb not expired, no request
129 silly addNameRange number 2 { name: 'hex2rgb', range: '>=2.2.0 <3.0.0', hasData: true }
130 silly addNameRange versions [ 'hex2rgb',
130 silly addNameRange   [ '0.1.0',
130 silly addNameRange     '0.2.0',
130 silly addNameRange     '0.3.0',
130 silly addNameRange     '0.4.0',
130 silly addNameRange     '0.5.0',
130 silly addNameRange     '0.6.0',
130 silly addNameRange     '0.7.0',
130 silly addNameRange     '0.8.0',
130 silly addNameRange     '1.0.0',
130 silly addNameRange     '1.1.0',
130 silly addNameRange     '1.2.0',
130 silly addNameRange     '1.3.0',
130 silly addNameRange     '1.4.0',
130 silly addNameRange     '2.0.0',
130 silly addNameRange     '2.1.0',
130 silly addNameRange     '2.2.0' ] ]
131 silly addNamed hex2rgb@2.2.0
132 verbose addNamed "2.2.0" is a plain semver version for hex2rgb
133 silly cache afterAdd hex2rgb@2.2.0
134 verbose afterAdd C:\Users\adam.chamberlain\AppData\Roaming\npm-cache\hex2rgb\2.2.0\package\package.json not in flight; writing
135 verbose correctMkdir C:\Users\adam.chamberlain\AppData\Roaming\npm-cache correctMkdir not in flight; initializing
136 verbose afterAdd C:\Users\adam.chamberlain\AppData\Roaming\npm-cache\hex2rgb\2.2.0\package\package.json written
137 silly fetchNamedPackageData bindings
138 silly mapToRegistry name bindings
139 silly mapToRegistry using default registry
140 silly mapToRegistry registry https://registry.npmjs.org/
141 silly mapToRegistry data Result {
141 silly mapToRegistry   raw: 'bindings',
141 silly mapToRegistry   scope: null,
141 silly mapToRegistry   escapedName: 'bindings',
141 silly mapToRegistry   name: 'bindings',
141 silly mapToRegistry   rawSpec: '',
141 silly mapToRegistry   spec: 'latest',
141 silly mapToRegistry   type: 'tag' }
142 silly mapToRegistry uri https://registry.npmjs.org/bindings
143 silly fetchNamedPackageData nan
144 silly mapToRegistry name nan
145 silly mapToRegistry using default registry
146 silly mapToRegistry registry https://registry.npmjs.org/
147 silly mapToRegistry data Result {
147 silly mapToRegistry   raw: 'nan',
147 silly mapToRegistry   scope: null,
147 silly mapToRegistry   escapedName: 'nan',
147 silly mapToRegistry   name: 'nan',
147 silly mapToRegistry   rawSpec: '',
147 silly mapToRegistry   spec: 'latest',
147 silly mapToRegistry   type: 'tag' }
148 silly mapToRegistry uri https://registry.npmjs.org/nan
149 verbose request uri https://registry.npmjs.org/bindings
150 verbose request no auth needed
151 info attempt registry request try #1 at 2:33:10 PM
152 verbose etag "33TX4J3DNTGF7K41ZUV6OA182"
153 http request GET https://registry.npmjs.org/bindings
154 verbose request uri https://registry.npmjs.org/nan
155 verbose request no auth needed
156 info attempt registry request try #1 at 2:33:10 PM
157 verbose etag "DHWE1QJ7NRBYX56QRTFKJPMUS"
158 http request GET https://registry.npmjs.org/nan
159 http 304 https://registry.npmjs.org/bindings
160 verbose headers { date: 'Tue, 13 Sep 2016 13:33:10 GMT',
160 verbose headers   via: '1.1 varnish',
160 verbose headers   'cache-control': 'max-age=300',
160 verbose headers   etag: '"33TX4J3DNTGF7K41ZUV6OA182"',
160 verbose headers   age: '13',
160 verbose headers   connection: 'keep-alive',
160 verbose headers   'x-served-by': 'cache-lhr6334-LHR',
160 verbose headers   'x-cache': 'HIT',
160 verbose headers   'x-cache-hits': '1',
160 verbose headers   'x-timer': 'S1473773590.100025,VS0,VE0',
160 verbose headers   vary: 'Accept-Encoding' }
161 silly get cb [ 304,
161 silly get   { date: 'Tue, 13 Sep 2016 13:33:10 GMT',
161 silly get     via: '1.1 varnish',
161 silly get     'cache-control': 'max-age=300',
161 silly get     etag: '"33TX4J3DNTGF7K41ZUV6OA182"',
161 silly get     age: '13',
161 silly get     connection: 'keep-alive',
161 silly get     'x-served-by': 'cache-lhr6334-LHR',
161 silly get     'x-cache': 'HIT',
161 silly get     'x-cache-hits': '1',
161 silly get     'x-timer': 'S1473773590.100025,VS0,VE0',
161 silly get     vary: 'Accept-Encoding' } ]
162 verbose etag https://registry.npmjs.org/bindings from cache
163 verbose get saving bindings to C:\Users\adam.chamberlain\AppData\Roaming\npm-cache\registry.npmjs.org\bindings\.cache.json
164 verbose correctMkdir C:\Users\adam.chamberlain\AppData\Roaming\npm-cache correctMkdir not in flight; initializing
165 http 304 https://registry.npmjs.org/nan
166 verbose headers { date: 'Tue, 13 Sep 2016 13:33:10 GMT',
166 verbose headers   via: '1.1 varnish',
166 verbose headers   'cache-control': 'max-age=300',
166 verbose headers   etag: '"DHWE1QJ7NRBYX56QRTFKJPMUS"',
166 verbose headers   age: '230',
166 verbose headers   connection: 'keep-alive',
166 verbose headers   'x-served-by': 'cache-lhr6335-LHR',
166 verbose headers   'x-cache': 'HIT',
166 verbose headers   'x-cache-hits': '11',
166 verbose headers   'x-timer': 'S1473773590.090160,VS0,VE0',
166 verbose headers   vary: 'Accept-Encoding' }
167 silly get cb [ 304,
167 silly get   { date: 'Tue, 13 Sep 2016 13:33:10 GMT',
167 silly get     via: '1.1 varnish',
167 silly get     'cache-control': 'max-age=300',
167 silly get     etag: '"DHWE1QJ7NRBYX56QRTFKJPMUS"',
167 silly get     age: '230',
167 silly get     connection: 'keep-alive',
167 silly get     'x-served-by': 'cache-lhr6335-LHR',
167 silly get     'x-cache': 'HIT',
167 silly get     'x-cache-hits': '11',
167 silly get     'x-timer': 'S1473773590.090160,VS0,VE0',
167 silly get     vary: 'Accept-Encoding' } ]
168 verbose etag https://registry.npmjs.org/nan from cache
169 verbose get saving nan to C:\Users\adam.chamberlain\AppData\Roaming\npm-cache\registry.npmjs.org\nan\.cache.json
170 verbose correctMkdir C:\Users\adam.chamberlain\AppData\Roaming\npm-cache correctMkdir not in flight; initializing
171 silly resolveWithNewModule bindings@1.2.1 checking installable status
172 silly cache add args [ 'bindings@*', null ]
173 verbose cache add spec bindings@*
174 silly cache add parsed spec Result {
174 silly cache add   raw: 'bindings@*',
174 silly cache add   scope: null,
174 silly cache add   escapedName: 'bindings',
174 silly cache add   name: 'bindings',
174 silly cache add   rawSpec: '*',
174 silly cache add   spec: '*',
174 silly cache add   type: 'range' }
175 silly addNamed bindings@*
176 verbose addNamed "*" is a valid semver range for bindings
177 silly addNameRange { name: 'bindings', range: '*', hasData: false }
178 silly mapToRegistry name bindings
179 silly mapToRegistry using default registry
180 silly mapToRegistry registry https://registry.npmjs.org/
181 silly mapToRegistry data Result {
181 silly mapToRegistry   raw: 'bindings',
181 silly mapToRegistry   scope: null,
181 silly mapToRegistry   escapedName: 'bindings',
181 silly mapToRegistry   name: 'bindings',
181 silly mapToRegistry   rawSpec: '',
181 silly mapToRegistry   spec: 'latest',
181 silly mapToRegistry   type: 'tag' }
182 silly mapToRegistry uri https://registry.npmjs.org/bindings
183 verbose addNameRange registry:https://registry.npmjs.org/bindings not in flight; fetching
184 verbose get https://registry.npmjs.org/bindings not expired, no request
185 silly addNameRange number 2 { name: 'bindings', range: '*', hasData: true }
186 silly addNameRange versions [ 'bindings',
186 silly addNameRange   [ '0.0.1',
186 silly addNameRange     '0.1.0',
186 silly addNameRange     '0.1.1',
186 silly addNameRange     '0.2.0',
186 silly addNameRange     '0.2.1',
186 silly addNameRange     '0.2.2',
186 silly addNameRange     '0.2.3',
186 silly addNameRange     '0.2.4',
186 silly addNameRange     '0.3.0',
186 silly addNameRange     '0.4.0',
186 silly addNameRange     '1.0.0',
186 silly addNameRange     '1.1.0',
186 silly addNameRange     '1.1.1',
186 silly addNameRange     '1.2.0',
186 silly addNameRange     '1.2.1' ] ]
187 silly addNamed bindings@1.2.1
188 verbose addNamed "1.2.1" is a plain semver version for bindings
189 silly resolveWithNewModule nan@2.4.0 checking installable status
190 silly cache add args [ 'nan@*', null ]
191 verbose cache add spec nan@*
192 silly cache add parsed spec Result {
192 silly cache add   raw: 'nan@*',
192 silly cache add   scope: null,
192 silly cache add   escapedName: 'nan',
192 silly cache add   name: 'nan',
192 silly cache add   rawSpec: '*',
192 silly cache add   spec: '*',
192 silly cache add   type: 'range' }
193 silly addNamed nan@*
194 verbose addNamed "*" is a valid semver range for nan
195 silly addNameRange { name: 'nan', range: '*', hasData: false }
196 silly mapToRegistry name nan
197 silly mapToRegistry using default registry
198 silly mapToRegistry registry https://registry.npmjs.org/
199 silly mapToRegistry data Result {
199 silly mapToRegistry   raw: 'nan',
199 silly mapToRegistry   scope: null,
199 silly mapToRegistry   escapedName: 'nan',
199 silly mapToRegistry   name: 'nan',
199 silly mapToRegistry   rawSpec: '',
199 silly mapToRegistry   spec: 'latest',
199 silly mapToRegistry   type: 'tag' }
200 silly mapToRegistry uri https://registry.npmjs.org/nan
201 verbose addNameRange registry:https://registry.npmjs.org/nan not in flight; fetching
202 silly cache afterAdd bindings@1.2.1
203 verbose afterAdd C:\Users\adam.chamberlain\AppData\Roaming\npm-cache\bindings\1.2.1\package\package.json not in flight; writing
204 verbose correctMkdir C:\Users\adam.chamberlain\AppData\Roaming\npm-cache correctMkdir not in flight; initializing
205 verbose get https://registry.npmjs.org/nan not expired, no request
206 silly addNameRange number 2 { name: 'nan', range: '*', hasData: true }
207 silly addNameRange versions [ 'nan',
207 silly addNameRange   [ '0.3.0-wip',
207 silly addNameRange     '0.3.0-wip2',
207 silly addNameRange     '0.3.0',
207 silly addNameRange     '0.3.1',
207 silly addNameRange     '0.3.2',
207 silly addNameRange     '0.4.0',
207 silly addNameRange     '0.4.1',
207 silly addNameRange     '0.4.2',
207 silly addNameRange     '0.4.3',
207 silly addNameRange     '0.4.4',
207 silly addNameRange     '0.5.0',
207 silly addNameRange     '0.5.1',
207 silly addNameRange     '0.5.2',
207 silly addNameRange     '0.6.0',
207 silly addNameRange     '0.7.0',
207 silly addNameRange     '0.7.1',
207 silly addNameRange     '0.8.0',
207 silly addNameRange     '1.0.0',
207 silly addNameRange     '1.1.0',
207 silly addNameRange     '1.1.1',
207 silly addNameRange     '1.1.2',
207 silly addNameRange     '1.2.0',
207 silly addNameRange     '1.3.0',
207 silly addNameRange     '1.4.0',
207 silly addNameRange     '1.4.1',
207 silly addNameRange     '1.5.0',
207 silly addNameRange     '1.4.2',
207 silly addNameRange     '1.4.3',
207 silly addNameRange     '1.5.1',
207 silly addNameRange     '1.5.2',
207 silly addNameRange     '1.6.0',
207 silly addNameRange     '1.5.3',
207 silly addNameRange     '1.6.1',
207 silly addNameRange     '1.6.2',
207 silly addNameRange     '1.7.0',
207 silly addNameRange     '1.8.0',
207 silly addNameRange     '1.8.1',
207 silly addNameRange     '1.8.2',
207 silly addNameRange     '1.8.3',
207 silly addNameRange     '1.8.4',
207 silly addNameRange     '1.9.0',
207 silly addNameRange     '2.0.0',
207 silly addNameRange     '2.0.1',
207 silly addNameRange     '2.0.2',
207 silly addNameRange     '2.0.3',
207 silly addNameRange     '2.0.4',
207 silly addNameRange     '2.0.5',
207 silly addNameRange     '2.0.6',
207 silly addNameRange     '2.0.7',
207 silly addNameRange     '2.0.8',
207 silly addNameRange     '2.0.9',
207 silly addNameRange     '2.1.0',
207 silly addNameRange     '2.2.0',
207 silly addNameRange     '2.2.1',
207 silly addNameRange     '2.3.0',
207 silly addNameRange     '2.3.1',
207 silly addNameRange     '2.3.2',
207 silly addNameRange     '2.3.3',
207 silly addNameRange     '2.3.4',
207 silly addNameRange     '2.3.5',
207 silly addNameRange     '2.4.0' ] ]
208 silly addNamed nan@2.4.0
209 verbose addNamed "2.4.0" is a plain semver version for nan
210 verbose afterAdd C:\Users\adam.chamberlain\AppData\Roaming\npm-cache\bindings\1.2.1\package\package.json written
211 silly cache afterAdd nan@2.4.0
212 verbose afterAdd C:\Users\adam.chamberlain\AppData\Roaming\npm-cache\nan\2.4.0\package\package.json not in flight; writing
213 verbose correctMkdir C:\Users\adam.chamberlain\AppData\Roaming\npm-cache correctMkdir not in flight; initializing
214 verbose afterAdd C:\Users\adam.chamberlain\AppData\Roaming\npm-cache\nan\2.4.0\package\package.json written
215 silly loadAllDepsIntoIdealTree Finishing
216 silly loadIdealTree Finishing
217 silly currentTree NodeLed
218 silly idealTree NodeLed
218 silly idealTree +-- bindings@1.2.1
218 silly idealTree +-- hex2rgb@2.2.0
218 silly idealTree +-- hooloovoo@1.0.7
218 silly idealTree +-- nan@2.4.0
218 silly idealTree `-- rpio@0.9.12
219 silly generateActionsToTake Starting
220 silly install generateActionsToTake
221 silly generateActionsToTake Finishing
222 silly diffTrees action count 5
223 silly diffTrees add bindings@1.2.1
224 silly diffTrees add nan@2.4.0
225 silly diffTrees add hex2rgb@2.2.0
226 silly diffTrees add rpio@0.9.12
227 silly diffTrees add hooloovoo@1.0.7
228 silly decomposeActions action count 40
229 silly decomposeActions fetch bindings@1.2.1
230 silly decomposeActions extract bindings@1.2.1
231 silly decomposeActions test bindings@1.2.1
232 silly decomposeActions preinstall bindings@1.2.1
233 silly decomposeActions build bindings@1.2.1
234 silly decomposeActions install bindings@1.2.1
235 silly decomposeActions postinstall bindings@1.2.1
236 silly decomposeActions finalize bindings@1.2.1
237 silly decomposeActions fetch nan@2.4.0
238 silly decomposeActions extract nan@2.4.0
239 silly decomposeActions test nan@2.4.0
240 silly decomposeActions preinstall nan@2.4.0
241 silly decomposeActions build nan@2.4.0
242 silly decomposeActions install nan@2.4.0
243 silly decomposeActions postinstall nan@2.4.0
244 silly decomposeActions finalize nan@2.4.0
245 silly decomposeActions fetch hex2rgb@2.2.0
246 silly decomposeActions extract hex2rgb@2.2.0
247 silly decomposeActions test hex2rgb@2.2.0
248 silly decomposeActions preinstall hex2rgb@2.2.0
249 silly decomposeActions build hex2rgb@2.2.0
250 silly decomposeActions install hex2rgb@2.2.0
251 silly decomposeActions postinstall hex2rgb@2.2.0
252 silly decomposeActions finalize hex2rgb@2.2.0
253 silly decomposeActions fetch rpio@0.9.12
254 silly decomposeActions extract rpio@0.9.12
255 silly decomposeActions test rpio@0.9.12
256 silly decomposeActions preinstall rpio@0.9.12
257 silly decomposeActions build rpio@0.9.12
258 silly decomposeActions install rpio@0.9.12
259 silly decomposeActions postinstall rpio@0.9.12
260 silly decomposeActions finalize rpio@0.9.12
261 silly decomposeActions fetch hooloovoo@1.0.7
262 silly decomposeActions extract hooloovoo@1.0.7
263 silly decomposeActions test hooloovoo@1.0.7
264 silly decomposeActions preinstall hooloovoo@1.0.7
265 silly decomposeActions build hooloovoo@1.0.7
266 silly decomposeActions install hooloovoo@1.0.7
267 silly decomposeActions postinstall hooloovoo@1.0.7
268 silly decomposeActions finalize hooloovoo@1.0.7
269 silly executeActions Starting
270 silly install executeActions
271 silly doSerial global-install 0
272 silly doParallel fetch 5
273 verbose correctMkdir C:\Users\adam.chamberlain\AppData\Roaming\npm-cache\_locks correctMkdir not in flight; initializing
274 verbose lock using C:\Users\adam.chamberlain\AppData\Roaming\npm-cache\_locks\staging-c6f28ce197e849b3.lock for c:\Users\adam.chamberlain\Documents\NodeLed\node_modules\.staging
275 silly doParallel extract 5
276 silly extract bindings@1.2.1
277 silly extract nan@2.4.0
278 silly extract hex2rgb@2.2.0
279 silly extract rpio@0.9.12
280 silly extract hooloovoo@1.0.7
281 verbose unbuild node_modules\.staging\bindings-2124214a
282 verbose unbuild node_modules\.staging\nan-6108a050
283 verbose unbuild node_modules\.staging\hex2rgb-7cc2cc7b
284 verbose unbuild node_modules\.staging\rpio-17bbd973
285 verbose unbuild node_modules\.staging\hooloovoo-8b7d1cdd
286 silly gentlyRm c:\Users\adam.chamberlain\Documents\NodeLed\node_modules\.staging\bindings-2124214a is being purged from base c:\Users\adam.chamberlain\Documents\NodeLed
287 verbose gentlyRm don't care about contents; nuking c:\Users\adam.chamberlain\Documents\NodeLed\node_modules\.staging\bindings-2124214a
288 silly gentlyRm c:\Users\adam.chamberlain\Documents\NodeLed\node_modules\.staging\nan-6108a050 is being purged from base c:\Users\adam.chamberlain\Documents\NodeLed
289 verbose gentlyRm don't care about contents; nuking c:\Users\adam.chamberlain\Documents\NodeLed\node_modules\.staging\nan-6108a050
290 silly gentlyRm c:\Users\adam.chamberlain\Documents\NodeLed\node_modules\.staging\hex2rgb-7cc2cc7b is being purged from base c:\Users\adam.chamberlain\Documents\NodeLed
291 verbose gentlyRm don't care about contents; nuking c:\Users\adam.chamberlain\Documents\NodeLed\node_modules\.staging\hex2rgb-7cc2cc7b
292 silly gentlyRm c:\Users\adam.chamberlain\Documents\NodeLed\node_modules\.staging\rpio-17bbd973 is being purged from base c:\Users\adam.chamberlain\Documents\NodeLed
293 verbose gentlyRm don't care about contents; nuking c:\Users\adam.chamberlain\Documents\NodeLed\node_modules\.staging\rpio-17bbd973
294 verbose tar unpack C:\Users\adam.chamberlain\AppData\Roaming\npm-cache\bindings\1.2.1\package.tgz
295 verbose tar unpacking to c:\Users\adam.chamberlain\Documents\NodeLed\node_modules\.staging\bindings-2124214a
296 silly gentlyRm c:\Users\adam.chamberlain\Documents\NodeLed\node_modules\.staging\bindings-2124214a is being purged
297 verbose gentlyRm don't care about contents; nuking c:\Users\adam.chamberlain\Documents\NodeLed\node_modules\.staging\bindings-2124214a
298 verbose tar unpack C:\Users\adam.chamberlain\AppData\Roaming\npm-cache\nan\2.4.0\package.tgz
299 verbose tar unpacking to c:\Users\adam.chamberlain\Documents\NodeLed\node_modules\.staging\nan-6108a050
300 silly gentlyRm c:\Users\adam.chamberlain\Documents\NodeLed\node_modules\.staging\nan-6108a050 is being purged
301 verbose gentlyRm don't care about contents; nuking c:\Users\adam.chamberlain\Documents\NodeLed\node_modules\.staging\nan-6108a050
302 verbose tar unpack C:\Users\adam.chamberlain\AppData\Roaming\npm-cache\hex2rgb\2.2.0\package.tgz
303 verbose tar unpacking to c:\Users\adam.chamberlain\Documents\NodeLed\node_modules\.staging\hex2rgb-7cc2cc7b
304 silly gentlyRm c:\Users\adam.chamberlain\Documents\NodeLed\node_modules\.staging\hex2rgb-7cc2cc7b is being purged
305 verbose gentlyRm don't care about contents; nuking c:\Users\adam.chamberlain\Documents\NodeLed\node_modules\.staging\hex2rgb-7cc2cc7b
306 silly gentlyRm c:\Users\adam.chamberlain\Documents\NodeLed\node_modules\.staging\hooloovoo-8b7d1cdd is being purged from base c:\Users\adam.chamberlain\Documents\NodeLed
307 verbose gentlyRm don't care about contents; nuking c:\Users\adam.chamberlain\Documents\NodeLed\node_modules\.staging\hooloovoo-8b7d1cdd
308 verbose tar unpack C:\Users\adam.chamberlain\AppData\Roaming\npm-cache\rpio\0.9.12\package.tgz
309 verbose tar unpacking to c:\Users\adam.chamberlain\Documents\NodeLed\node_modules\.staging\rpio-17bbd973
310 silly gentlyRm c:\Users\adam.chamberlain\Documents\NodeLed\node_modules\.staging\rpio-17bbd973 is being purged
311 verbose gentlyRm don't care about contents; nuking c:\Users\adam.chamberlain\Documents\NodeLed\node_modules\.staging\rpio-17bbd973
312 silly gunzTarPerm modes [ '777', '666' ]
313 silly gunzTarPerm modes [ '777', '666' ]
314 silly gunzTarPerm modes [ '777', '666' ]
315 verbose tar unpack C:\Users\adam.chamberlain\AppData\Roaming\npm-cache\hooloovoo\1.0.7\package.tgz
316 verbose tar unpacking to c:\Users\adam.chamberlain\Documents\NodeLed\node_modules\.staging\hooloovoo-8b7d1cdd
317 silly gentlyRm c:\Users\adam.chamberlain\Documents\NodeLed\node_modules\.staging\hooloovoo-8b7d1cdd is being purged
318 verbose gentlyRm don't care about contents; nuking c:\Users\adam.chamberlain\Documents\NodeLed\node_modules\.staging\hooloovoo-8b7d1cdd
319 silly gunzTarPerm modes [ '777', '666' ]
320 silly gunzTarPerm modes [ '777', '666' ]
321 silly gunzTarPerm extractEntry package.json
322 silly gunzTarPerm modified mode [ 'package.json', 420, 438 ]
323 silly gunzTarPerm extractEntry package.json
324 silly gunzTarPerm modified mode [ 'package.json', 436, 438 ]
325 silly gunzTarPerm extractEntry package.json
326 silly gunzTarPerm modified mode [ 'package.json', 420, 438 ]
327 silly gunzTarPerm extractEntry package.json
328 silly gunzTarPerm modified mode [ 'package.json', 420, 438 ]
329 silly gunzTarPerm extractEntry package.json
330 silly gunzTarPerm modified mode [ 'package.json', 420, 438 ]
331 silly gunzTarPerm extractEntry README.md
332 silly gunzTarPerm modified mode [ 'README.md', 420, 438 ]
333 silly gunzTarPerm extractEntry bindings.js
334 silly gunzTarPerm modified mode [ 'bindings.js', 420, 438 ]
335 silly gunzTarPerm extractEntry README.md
336 silly gunzTarPerm modified mode [ 'README.md', 436, 438 ]
337 silly gunzTarPerm extractEntry README.md
338 silly gunzTarPerm modified mode [ 'README.md', 420, 438 ]
339 silly gunzTarPerm extractEntry .npmignore
340 silly gunzTarPerm modified mode [ '.npmignore', 420, 438 ]
341 silly gunzTarPerm extractEntry README.md
342 silly gunzTarPerm modified mode [ 'README.md', 420, 438 ]
343 silly gunzTarPerm extractEntry include_dirs.js
344 silly gunzTarPerm modified mode [ 'include_dirs.js', 436, 438 ]
345 silly gunzTarPerm extractEntry .travis.yml
346 silly gunzTarPerm modified mode [ '.travis.yml', 420, 438 ]
347 silly gunzTarPerm extractEntry README.md
348 silly gunzTarPerm modified mode [ 'README.md', 420, 438 ]
349 silly gunzTarPerm extractEntry example.js
350 silly gunzTarPerm modified mode [ 'example.js', 420, 438 ]
351 silly gunzTarPerm extractEntry binding.gyp
352 silly gunzTarPerm modified mode [ 'binding.gyp', 420, 438 ]
353 silly gunzTarPerm extractEntry build/Makefile
354 silly gunzTarPerm modified mode [ 'build/Makefile', 420, 438 ]
355 silly gunzTarPerm extractEntry build/Release/.deps/Release/obj.target/rpio/src/bcm2835.o.d
356 silly gunzTarPerm modified mode [ 'build/Release/.deps/Release/obj.target/rpio/src/bcm2835.o.d',
356 silly gunzTarPerm   420,
356 silly gunzTarPerm   438 ]
357 silly gunzTarPerm extractEntry nan_callbacks_pre_12_inl.h
358 silly gunzTarPerm modified mode [ 'nan_callbacks_pre_12_inl.h', 436, 438 ]
359 silly gunzTarPerm extractEntry CHANGELOG.md
360 silly gunzTarPerm modified mode [ 'CHANGELOG.md', 436, 438 ]
361 silly gunzTarPerm extractEntry LICENSE.md
362 silly gunzTarPerm modified mode [ 'LICENSE.md', 436, 438 ]
363 silly gunzTarPerm extractEntry gulpfile.js
364 silly gunzTarPerm modified mode [ 'gulpfile.js', 420, 438 ]
365 silly gunzTarPerm extractEntry hex2rgb.js
366 silly gunzTarPerm modified mode [ 'hex2rgb.js', 420, 438 ]
367 silly gunzTarPerm extractEntry hooloovoo.js
368 silly gunzTarPerm modified mode [ 'hooloovoo.js', 420, 438 ]
369 silly gunzTarPerm extractEntry build/Release/.deps/Release/obj.target/rpio/src/rpio.o.d
370 silly gunzTarPerm modified mode [ 'build/Release/.deps/Release/obj.target/rpio/src/rpio.o.d',
370 silly gunzTarPerm   420,
370 silly gunzTarPerm   438 ]
371 silly gunzTarPerm extractEntry doc/node_misc.md
372 silly gunzTarPerm modified mode [ 'doc/node_misc.md', 436, 438 ]
373 silly gunzTarPerm extractEntry index.js
374 silly gunzTarPerm modified mode [ 'index.js', 420, 438 ]
375 silly gunzTarPerm extractEntry coverage/coverage-final.json
376 silly gunzTarPerm modified mode [ 'coverage/coverage-final.json', 420, 438 ]
377 silly gunzTarPerm extractEntry doc/asyncworker.md
378 silly gunzTarPerm modified mode [ 'doc/asyncworker.md', 436, 438 ]
379 silly gunzTarPerm extractEntry doc/callback.md
380 silly gunzTarPerm modified mode [ 'doc/callback.md', 436, 438 ]
381 silly gunzTarPerm extractEntry build/Release/.deps/Release/rpio.node.d
382 silly gunzTarPerm modified mode [ 'build/Release/.deps/Release/rpio.node.d', 420, 438 ]
383 silly gunzTarPerm extractEntry build/Release/obj.target/rpio/src/bcm2835.o
384 silly gunzTarPerm modified mode [ 'build/Release/obj.target/rpio/src/bcm2835.o', 420, 438 ]
385 silly gunzTarPerm extractEntry doc/converters.md
386 silly gunzTarPerm modified mode [ 'doc/converters.md', 436, 438 ]
387 silly gunzTarPerm extractEntry doc/errors.md
388 silly gunzTarPerm modified mode [ 'doc/errors.md', 436, 438 ]
389 silly gunzTarPerm extractEntry build/Release/obj.target/rpio/src/rpio.o
390 silly gunzTarPerm modified mode [ 'build/Release/obj.target/rpio/src/rpio.o', 420, 438 ]
391 silly gunzTarPerm extractEntry coverage/coverage.json
392 silly gunzTarPerm modified mode [ 'coverage/coverage.json', 420, 438 ]
393 silly gunzTarPerm extractEntry doc/maybe_types.md
394 silly gunzTarPerm modified mode [ 'doc/maybe_types.md', 436, 438 ]
395 silly gunzTarPerm extractEntry doc/methods.md
396 silly gunzTarPerm modified mode [ 'doc/methods.md', 436, 438 ]
397 silly gunzTarPerm extractEntry coverage/lcov-report/prettify.js
398 silly gunzTarPerm modified mode [ 'coverage/lcov-report/prettify.js', 420, 438 ]
399 silly gunzTarPerm extractEntry coverage/lcov-report/sorter.js
400 silly gunzTarPerm modified mode [ 'coverage/lcov-report/sorter.js', 420, 438 ]
401 silly gentlyRm c:\Users\adam.chamberlain\Documents\NodeLed\node_modules\.staging\bindings-2124214a\node_modules is being purged
402 verbose gentlyRm don't care about contents; nuking c:\Users\adam.chamberlain\Documents\NodeLed\node_modules\.staging\bindings-2124214a\node_modules
403 silly gunzTarPerm extractEntry build/Release/rpio.node
404 silly gunzTarPerm modified mode [ 'build/Release/rpio.node', 493, 511 ]
405 silly gunzTarPerm extractEntry coverage/lcov-report/base.css
406 silly gunzTarPerm modified mode [ 'coverage/lcov-report/base.css', 420, 438 ]
407 silly gunzTarPerm extractEntry coverage/lcov-report/hex2rgb/hex2rgb.js.html
408 silly gunzTarPerm modified mode [ 'coverage/lcov-report/hex2rgb/hex2rgb.js.html', 420, 438 ]
409 silly gunzTarPerm extractEntry doc/new.md
410 silly gunzTarPerm modified mode [ 'doc/new.md', 436, 438 ]
411 silly gunzTarPerm extractEntry doc/buffers.md
412 silly gunzTarPerm modified mode [ 'doc/buffers.md', 436, 438 ]
413 silly gentlyRm c:\Users\adam.chamberlain\Documents\NodeLed\node_modules\.staging\hooloovoo-8b7d1cdd\node_modules is being purged
414 verbose gentlyRm don't care about contents; nuking c:\Users\adam.chamberlain\Documents\NodeLed\node_modules\.staging\hooloovoo-8b7d1cdd\node_modules
415 silly gunzTarPerm extractEntry coverage/lcov-report/hex2rgb/index.html
416 silly gunzTarPerm modified mode [ 'coverage/lcov-report/hex2rgb/index.html', 420, 438 ]
417 silly gunzTarPerm extractEntry coverage/lcov-report/hex2rgb/index.js.html
418 silly gunzTarPerm modified mode [ 'coverage/lcov-report/hex2rgb/index.js.html', 420, 438 ]
419 silly gunzTarPerm extractEntry doc/object_wrappers.md
420 silly gunzTarPerm modified mode [ 'doc/object_wrappers.md', 436, 438 ]
421 silly gunzTarPerm extractEntry doc/persistent.md
422 silly gunzTarPerm modified mode [ 'doc/persistent.md', 436, 438 ]
423 silly gunzTarPerm extractEntry build/binding.Makefile
424 silly gunzTarPerm modified mode [ 'build/binding.Makefile', 420, 438 ]
425 silly gunzTarPerm extractEntry coverage/lcov-report/index.html
426 silly gunzTarPerm modified mode [ 'coverage/lcov-report/index.html', 420, 438 ]
427 silly gunzTarPerm extractEntry coverage/lcov-report/prettify.css
428 silly gunzTarPerm modified mode [ 'coverage/lcov-report/prettify.css', 420, 438 ]
429 silly gunzTarPerm extractEntry doc/scopes.md
430 silly gunzTarPerm modified mode [ 'doc/scopes.md', 436, 438 ]
431 silly gunzTarPerm extractEntry doc/script.md
432 silly gunzTarPerm modified mode [ 'doc/script.md', 436, 438 ]
433 silly gunzTarPerm extractEntry doc/string_bytes.md
434 silly gunzTarPerm modified mode [ 'doc/string_bytes.md', 436, 438 ]
435 silly gunzTarPerm extractEntry coverage/lcov-report/sort-arrow-sprite.png
436 silly gunzTarPerm modified mode [ 'coverage/lcov-report/sort-arrow-sprite.png', 420, 438 ]
437 silly gunzTarPerm extractEntry coverage/lcov.info
438 silly gunzTarPerm modified mode [ 'coverage/lcov.info', 420, 438 ]
439 silly gunzTarPerm extractEntry bower.json
440 silly gunzTarPerm modified mode [ 'bower.json', 420, 438 ]
441 silly gunzTarPerm extractEntry example.png
442 silly gunzTarPerm modified mode [ 'example.png', 420, 438 ]
443 silly gunzTarPerm extractEntry build/gyp-mac-tool
444 silly gunzTarPerm modified mode [ 'build/gyp-mac-tool', 493, 511 ]
445 silly gunzTarPerm extractEntry build/rpio.target.mk
446 silly gunzTarPerm modified mode [ 'build/rpio.target.mk', 420, 438 ]
447 silly gunzTarPerm extractEntry examples/button.js
448 silly gunzTarPerm modified mode [ 'examples/button.js', 420, 438 ]
449 silly gunzTarPerm extractEntry examples/dht11.js
450 silly gunzTarPerm modified mode [ 'examples/dht11.js', 420, 438 ]
451 silly gunzTarPerm extractEntry examples/i2c-lcd.js
452 silly gunzTarPerm modified mode [ 'examples/i2c-lcd.js', 420, 438 ]
453 silly gunzTarPerm extractEntry examples/padcontrol.js
454 silly gunzTarPerm modified mode [ 'examples/padcontrol.js', 420, 438 ]
455 silly gunzTarPerm extractEntry examples/pwm-led.js
456 silly gunzTarPerm modified mode [ 'examples/pwm-led.js', 420, 438 ]
457 silly gunzTarPerm extractEntry examples/spi-at93c46.js
458 silly gunzTarPerm modified mode [ 'examples/spi-at93c46.js', 420, 438 ]
459 silly gunzTarPerm extractEntry lib/rpio.js
460 silly gunzTarPerm modified mode [ 'lib/rpio.js', 420, 438 ]
461 silly gunzTarPerm extractEntry src/bcm2835.c
462 silly gunzTarPerm modified mode [ 'src/bcm2835.c', 420, 438 ]
463 silly gunzTarPerm extractEntry src/bcm2835.h
464 silly gunzTarPerm modified mode [ 'src/bcm2835.h', 420, 438 ]
465 silly gunzTarPerm extractEntry src/rpio.cc
466 silly gunzTarPerm modified mode [ 'src/rpio.cc', 420, 438 ]
467 silly gunzTarPerm extractEntry doc/v8_internals.md
468 silly gunzTarPerm modified mode [ 'doc/v8_internals.md', 436, 438 ]
469 silly gunzTarPerm extractEntry doc/v8_misc.md
470 silly gunzTarPerm modified mode [ 'doc/v8_misc.md', 436, 438 ]
471 silly gunzTarPerm extractEntry .travis.yml
472 silly gunzTarPerm modified mode [ '.travis.yml', 420, 438 ]
473 silly gunzTarPerm extractEntry LICENSE-MIT
474 silly gunzTarPerm modified mode [ 'LICENSE-MIT', 420, 438 ]
475 silly gunzTarPerm extractEntry nan.h
476 silly gunzTarPerm modified mode [ 'nan.h', 436, 438 ]
477 silly gunzTarPerm extractEntry nan_callbacks.h
478 silly gunzTarPerm modified mode [ 'nan_callbacks.h', 436, 438 ]
479 silly gunzTarPerm extractEntry Makefile
480 silly gunzTarPerm modified mode [ 'Makefile', 420, 438 ]
481 silly gunzTarPerm extractEntry .eslintrc
482 silly gunzTarPerm modified mode [ '.eslintrc', 420, 438 ]
483 silly gunzTarPerm extractEntry nan_callbacks_12_inl.h
484 silly gunzTarPerm modified mode [ 'nan_callbacks_12_inl.h', 436, 438 ]
485 silly gunzTarPerm extractEntry nan_converters.h
486 silly gunzTarPerm modified mode [ 'nan_converters.h', 436, 438 ]
487 silly gunzTarPerm extractEntry nan_converters_43_inl.h
488 silly gunzTarPerm modified mode [ 'nan_converters_43_inl.h', 436, 438 ]
489 silly gunzTarPerm extractEntry nan_converters_pre_43_inl.h
490 silly gunzTarPerm modified mode [ 'nan_converters_pre_43_inl.h', 436, 438 ]
491 silly gunzTarPerm extractEntry test/index.js
492 silly gunzTarPerm modified mode [ 'test/index.js', 420, 438 ]
493 silly gunzTarPerm extractEntry nan_implementation_12_inl.h
494 silly gunzTarPerm modified mode [ 'nan_implementation_12_inl.h', 436, 438 ]
495 silly gunzTarPerm extractEntry nan_implementation_pre_12_inl.h
496 silly gunzTarPerm modified mode [ 'nan_implementation_pre_12_inl.h', 436, 438 ]
497 silly gunzTarPerm extractEntry nan_maybe_43_inl.h
498 silly gunzTarPerm modified mode [ 'nan_maybe_43_inl.h', 436, 438 ]
499 silly gunzTarPerm extractEntry nan_maybe_pre_43_inl.h
500 silly gunzTarPerm modified mode [ 'nan_maybe_pre_43_inl.h', 436, 438 ]
501 silly gunzTarPerm extractEntry nan_new.h
502 silly gunzTarPerm modified mode [ 'nan_new.h', 436, 438 ]
503 silly gunzTarPerm extractEntry nan_object_wrap.h
504 silly gunzTarPerm modified mode [ 'nan_object_wrap.h', 436, 438 ]
505 silly gunzTarPerm extractEntry nan_persistent_12_inl.h
506 silly gunzTarPerm modified mode [ 'nan_persistent_12_inl.h', 436, 438 ]
507 silly gunzTarPerm extractEntry nan_persistent_pre_12_inl.h
508 silly gunzTarPerm modified mode [ 'nan_persistent_pre_12_inl.h', 436, 438 ]
509 silly gunzTarPerm extractEntry nan_string_bytes.h
510 silly gunzTarPerm modified mode [ 'nan_string_bytes.h', 436, 438 ]
511 silly gunzTarPerm extractEntry nan_typedarray_contents.h
512 silly gunzTarPerm modified mode [ 'nan_typedarray_contents.h', 436, 438 ]
513 silly gunzTarPerm extractEntry nan_weak.h
514 silly gunzTarPerm modified mode [ 'nan_weak.h', 436, 438 ]
515 silly gunzTarPerm extractEntry tools/package.json
516 silly gunzTarPerm modified mode [ 'tools/package.json', 436, 438 ]
517 silly gunzTarPerm extractEntry tools/README.md
518 silly gunzTarPerm modified mode [ 'tools/README.md', 436, 438 ]
519 silly gunzTarPerm extractEntry tools/1to2.js
520 silly gunzTarPerm modified mode [ 'tools/1to2.js', 509, 511 ]
521 silly gentlyRm c:\Users\adam.chamberlain\Documents\NodeLed\node_modules\.staging\hex2rgb-7cc2cc7b\node_modules is being purged
522 verbose gentlyRm don't care about contents; nuking c:\Users\adam.chamberlain\Documents\NodeLed\node_modules\.staging\hex2rgb-7cc2cc7b\node_modules
523 silly gentlyRm c:\Users\adam.chamberlain\Documents\NodeLed\node_modules\.staging\rpio-17bbd973\node_modules is being purged
524 verbose gentlyRm don't care about contents; nuking c:\Users\adam.chamberlain\Documents\NodeLed\node_modules\.staging\rpio-17bbd973\node_modules
525 silly gentlyRm c:\Users\adam.chamberlain\Documents\NodeLed\node_modules\.staging\nan-6108a050\node_modules is being purged
526 verbose gentlyRm don't care about contents; nuking c:\Users\adam.chamberlain\Documents\NodeLed\node_modules\.staging\nan-6108a050\node_modules
527 silly doParallel preinstall 5
528 silly preinstall bindings@1.2.1 c:\Users\adam.chamberlain\Documents\NodeLed\node_modules\.staging\bindings-2124214a
529 info lifecycle bindings@1.2.1~preinstall: bindings@1.2.1
530 silly preinstall nan@2.4.0 c:\Users\adam.chamberlain\Documents\NodeLed\node_modules\.staging\nan-6108a050
531 info lifecycle nan@2.4.0~preinstall: nan@2.4.0
532 silly preinstall hex2rgb@2.2.0 c:\Users\adam.chamberlain\Documents\NodeLed\node_modules\.staging\hex2rgb-7cc2cc7b
533 info lifecycle hex2rgb@2.2.0~preinstall: hex2rgb@2.2.0
534 silly preinstall rpio@0.9.12 c:\Users\adam.chamberlain\Documents\NodeLed\node_modules\.staging\rpio-17bbd973
535 info lifecycle rpio@0.9.12~preinstall: rpio@0.9.12
536 silly preinstall hooloovoo@1.0.7 c:\Users\adam.chamberlain\Documents\NodeLed\node_modules\.staging\hooloovoo-8b7d1cdd
537 info lifecycle hooloovoo@1.0.7~preinstall: hooloovoo@1.0.7
538 silly lifecycle bindings@1.2.1~preinstall: no script for preinstall, continuing
539 silly lifecycle nan@2.4.0~preinstall: no script for preinstall, continuing
540 silly lifecycle hex2rgb@2.2.0~preinstall: no script for preinstall, continuing
541 silly lifecycle rpio@0.9.12~preinstall: no script for preinstall, continuing
542 silly lifecycle hooloovoo@1.0.7~preinstall: no script for preinstall, continuing
543 silly doReverseSerial remove 0
544 silly doSerial move 0
545 silly doSerial finalize 5
546 silly finalize c:\Users\adam.chamberlain\Documents\NodeLed\node_modules\bindings
547 silly finalize c:\Users\adam.chamberlain\Documents\NodeLed\node_modules\nan
548 silly finalize c:\Users\adam.chamberlain\Documents\NodeLed\node_modules\hex2rgb
549 silly finalize c:\Users\adam.chamberlain\Documents\NodeLed\node_modules\rpio
550 silly finalize c:\Users\adam.chamberlain\Documents\NodeLed\node_modules\hooloovoo
551 silly doSerial build 5
552 silly build bindings@1.2.1
553 info linkStuff bindings@1.2.1
554 silly linkStuff bindings@1.2.1 has c:\Users\adam.chamberlain\Documents\NodeLed\node_modules as its parent node_modules
555 verbose linkBins bindings@1.2.1
556 verbose linkMans bindings@1.2.1
557 silly build nan@2.4.0
558 info linkStuff nan@2.4.0
559 silly linkStuff nan@2.4.0 has c:\Users\adam.chamberlain\Documents\NodeLed\node_modules as its parent node_modules
560 verbose linkBins nan@2.4.0
561 verbose linkMans nan@2.4.0
562 silly build hex2rgb@2.2.0
563 info linkStuff hex2rgb@2.2.0
564 silly linkStuff hex2rgb@2.2.0 has c:\Users\adam.chamberlain\Documents\NodeLed\node_modules as its parent node_modules
565 verbose linkBins hex2rgb@2.2.0
566 verbose linkMans hex2rgb@2.2.0
567 silly build rpio@0.9.12
568 info linkStuff rpio@0.9.12
569 silly linkStuff rpio@0.9.12 has c:\Users\adam.chamberlain\Documents\NodeLed\node_modules as its parent node_modules
570 verbose linkBins rpio@0.9.12
571 verbose linkMans rpio@0.9.12
572 silly build hooloovoo@1.0.7
573 info linkStuff hooloovoo@1.0.7
574 silly linkStuff hooloovoo@1.0.7 has c:\Users\adam.chamberlain\Documents\NodeLed\node_modules as its parent node_modules
575 verbose linkBins hooloovoo@1.0.7
576 verbose linkMans hooloovoo@1.0.7
577 silly doSerial global-link 0
578 silly doParallel update-linked 0
579 silly doSerial install 5
580 silly install bindings@1.2.1 c:\Users\adam.chamberlain\Documents\NodeLed\node_modules\.staging\bindings-2124214a
581 info lifecycle bindings@1.2.1~install: bindings@1.2.1
582 silly lifecycle bindings@1.2.1~install: no script for install, continuing
583 silly install nan@2.4.0 c:\Users\adam.chamberlain\Documents\NodeLed\node_modules\.staging\nan-6108a050
584 info lifecycle nan@2.4.0~install: nan@2.4.0
585 silly lifecycle nan@2.4.0~install: no script for install, continuing
586 silly install hex2rgb@2.2.0 c:\Users\adam.chamberlain\Documents\NodeLed\node_modules\.staging\hex2rgb-7cc2cc7b
587 info lifecycle hex2rgb@2.2.0~install: hex2rgb@2.2.0
588 silly lifecycle hex2rgb@2.2.0~install: no script for install, continuing
589 silly install rpio@0.9.12 c:\Users\adam.chamberlain\Documents\NodeLed\node_modules\.staging\rpio-17bbd973
590 info lifecycle rpio@0.9.12~install: rpio@0.9.12
591 verbose lifecycle rpio@0.9.12~install: unsafe-perm in lifecycle true
592 verbose lifecycle rpio@0.9.12~install: PATH: C:\Users\adam.chamberlain\Documents\nodejs\nodejs\node_modules\npm\bin\node-gyp-bin;c:\Users\adam.chamberlain\Documents\NodeLed\node_modules\rpio\node_modules\.bin;c:\Users\adam.chamberlain\Documents\NodeLed\node_modules\.bin;C:\Users\adam.chamberlain\Documents\nodejs\nodejs;C:\windows\system32;C:\windows;C:\windows\System32\Wbem;C:\windows\System32\WindowsPowerShell\v1.0\;C:\windows\System32\WindowsPowerShell\v1.0\;C:\Program Files (x86)\Enterprise Vault\EVClient\;C:\Users\adam.chamberlain\Documents\Git\Git\cmd;C:\Users\adam.chamberlain\Documents\nodejs\nodejs;C:\Users\adam.chamberlain\AppData\Roaming\npm;C:\Users\adam.chamberlain\Documents;C:\Users\adam.chamberlain\Documents\MongoDB\Server\3.2\bin;C:\Users\adam.chamberlain\Documents\pasmo-0.5.3
593 verbose lifecycle rpio@0.9.12~install: CWD: c:\Users\adam.chamberlain\Documents\NodeLed\node_modules\rpio
594 silly lifecycle rpio@0.9.12~install: Args: [ '/d /s /c', 'node-gyp rebuild' ]
595 silly lifecycle rpio@0.9.12~install: Returned: code: 1  signal: null
596 info lifecycle rpio@0.9.12~install: Failed to exec install script
597 verbose unlock done using C:\Users\adam.chamberlain\AppData\Roaming\npm-cache\_locks\staging-c6f28ce197e849b3.lock for c:\Users\adam.chamberlain\Documents\NodeLed\node_modules\.staging
598 silly rollbackFailedOptional Starting
599 silly rollbackFailedOptional Finishing
600 silly runTopLevelLifecycles Starting
601 silly runTopLevelLifecycles Finishing
602 silly install printInstalled
603 warn enoent ENOENT: no such file or directory, open 'c:\Users\adam.chamberlain\Documents\NodeLed\package.json'
604 warn NodeLed No description
605 warn NodeLed No repository field.
606 warn NodeLed No README data
607 warn NodeLed No license field.
608 verbose stack Error: rpio@0.9.12 install: `node-gyp rebuild`
608 verbose stack Exit status 1
608 verbose stack     at EventEmitter.<anonymous> (C:\Users\adam.chamberlain\Documents\nodejs\nodejs\node_modules\npm\lib\utils\lifecycle.js:242:16)
608 verbose stack     at emitTwo (events.js:106:13)
608 verbose stack     at EventEmitter.emit (events.js:191:7)
608 verbose stack     at ChildProcess.<anonymous> (C:\Users\adam.chamberlain\Documents\nodejs\nodejs\node_modules\npm\lib\utils\spawn.js:40:14)
608 verbose stack     at emitTwo (events.js:106:13)
608 verbose stack     at ChildProcess.emit (events.js:191:7)
608 verbose stack     at maybeClose (internal/child_process.js:852:16)
608 verbose stack     at Process.ChildProcess._handle.onexit (internal/child_process.js:215:5)
609 verbose pkgid rpio@0.9.12
610 verbose cwd c:\Users\adam.chamberlain\Documents\NodeLed
611 error Windows_NT 6.1.7601
612 error argv "C:\\Users\\adam.chamberlain\\Documents\\nodejs\\nodejs\\node.exe" "C:\\Users\\adam.chamberlain\\Documents\\nodejs\\nodejs\\node_modules\\npm\\bin\\npm-cli.js" "install" "hooloovoo"
613 error node v6.4.0
614 error npm  v3.10.3
615 error code ELIFECYCLE
616 error rpio@0.9.12 install: `node-gyp rebuild`
616 error Exit status 1
617 error Failed at the rpio@0.9.12 install script 'node-gyp rebuild'.
617 error Make sure you have the latest version of node.js and npm installed.
617 error If you do, this is most likely a problem with the rpio package,
617 error not with npm itself.
617 error Tell the author that this fails on your system:
617 error     node-gyp rebuild
617 error You can get information on how to open an issue for this project with:
617 error     npm bugs rpio
617 error Or if that isn't available, you can get their info via:
617 error     npm owner ls rpio
617 error There is likely additional logging output above.
618 verbose exit [ 1, true ]
